Using pre-set license
Built from '2020.2/release' branch; Version is '2020.2.2f1 (068178b99f32) revision 426360'; Using compiler version '192528614'; Build Type 'Release'
OS: 'Windows 10 Enterprise; OS build 19042.985; Version 2009; 64bit' Language: 'en' Physical Memory: 16318 MB
BatchMode: 1, IsHumanControllingUs: 0, StartBugReporterOnCrash: 0, Is64bit: 1, IsPro: 0

 COMMAND LINE ARGUMENTS:
D:\games\unity\2020.2.2f1\Editor\Unity.exe
-adb2
-batchMode
-noUpm
-name
AssetImportWorker0
-projectPath
D:/github/GUIProject
-logFile
Logs/AssetImportWorker0.log
-srvPort
64875
Successfully changed project path to: D:/github/GUIProject
D:/github/GUIProject
Using Asset Import Pipeline V2.
Refreshing native plugins compatible for Editor in 24.76 ms, found 0 plugins.
Preloading 0 native plugins for Editor in 0.00 ms.
Initialize engine version: 2020.2.2f1 (068178b99f32)
[Subsystems] Discovering subsystems at path D:/games/unity/2020.2.2f1/Editor/Data/Resources/UnitySubsystems
[Subsystems] Discovering subsystems at path D:/github/GUIProject/Assets
GfxDevice: creating device client; threaded=0
Direct3D:
    Version:  Direct3D 11.0 [level 11.1]
    Renderer: NVIDIA GeForce RTX 2070 (ID=0x1f02)
    Vendor:   
    VRAM:     8031 MB
    Driver:   27.21.14.5671
Initialize mono
Mono path[0] = 'D:/games/unity/2020.2.2f1/Editor/Data/Managed'
Mono path[1] = 'D:/games/unity/2020.2.2f1/Editor/Data/MonoBleedingEdge/lib/mono/unityjit'
Mono config path = 'D:/games/unity/2020.2.2f1/Editor/Data/MonoBleedingEdge/etc'
Using monoOptions --debugger-agent=transport=dt_socket,embedding=1,server=y,suspend=n,address=127.0.0.1:56056
Begin MonoManager ReloadAssembly
Registering precompiled unity dll's ...
Register platform support module: D:/games/unity/2020.2.2f1/Editor/Data/PlaybackEngines/WindowsStandaloneSupport/UnityEditor.WindowsStandalone.Extensions.dll
Registered in 0.000684 seconds.
Native extension for WindowsStandalone target not found
Refreshing native plugins compatible for Editor in 24.50 ms, found 0 plugins.
Preloading 0 native plugins for Editor in 0.00 ms.
Invoked RoslynAnalysisRunner static constructor.
RoslynAnalysisRunner will not be running.
RoslynAnalysisRunner has terminated.
Mono: successfully reloaded assembly
- Completed reload, in  0.617 seconds
Platform modules already initialized, skipping
Registering precompiled user dll's ...
Registered in 0.000378 seconds.
Begin MonoManager ReloadAssembly
Native extension for WindowsStandalone target not found
Refreshing native plugins compatible for Editor in 25.51 ms, found 0 plugins.
Preloading 0 native plugins for Editor in 0.00 ms.
Invoked RoslynAnalysisRunner static constructor.
RoslynAnalysisRunner will not be running.
RoslynAnalysisRunner has terminated.
Mono: successfully reloaded assembly
- Completed reload, in  0.686 seconds
Platform modules already initialized, skipping
========================================================================
Worker process is ready to serve import requests
Launched and connected shader compiler UnityShaderCompiler.exe after 0.04 seconds
Refreshing native plugins compatible for Editor in 0.27 ms, found 0 plugins.
Preloading 0 native plugins for Editor in 0.00 ms.
Unloading 1626 Unused Serialized files (Serialized files now loaded: 0)
System memory in use before: 89.2 MB.
System memory in use after: 89.3 MB.

Unloading 13 unused Assets to reduce memory usage. Loaded Objects now: 2091.
Total: 1.633300 ms (FindLiveObjects: 0.171100 ms CreateObjectMapping: 0.066000 ms MarkObjects: 1.323000 ms  DeleteObjects: 0.072400 ms)

========================================================================
Received Import Request.
  path: Assets/Scripts/Customisation.cs
  artifactKey: Guid(2a33d8b04129c1942ba075118a51bc29) Importer(815301076,1909f56bfc062723c751e8b465ee728b)
Start importing Assets/Scripts/Customisation.cs using Guid(2a33d8b04129c1942ba075118a51bc29) Importer(815301076,1909f56bfc062723c751e8b465ee728b)  -> (artifact id: '2570eeb61fcad7697733aa3967323d43') in 0.018241 seconds
  Import took 0.020404 seconds .

========================================================================
Received Import Request.
  Time since last request: 13.276766 seconds.
  path: Assets/Scenes/Gamescene.unity
  artifactKey: Guid(015655e1308430941b5125e0f2b3ab56) Importer(815301076,1909f56bfc062723c751e8b465ee728b)
Start importing Assets/Scenes/Gamescene.unity using Guid(015655e1308430941b5125e0f2b3ab56) Importer(815301076,1909f56bfc062723c751e8b465ee728b)  -> (artifact id: '140cf0e67d1d296e34a47727b7e9979a') in 0.011567 seconds
  Import took 0.013685 seconds .

========================================================================
Received Prepare
Registering precompiled user dll's ...
Registered in 0.000416 seconds.
Begin MonoManager ReloadAssembly
Native extension for WindowsStandalone target not found
Refreshing native plugins compatible for Editor in 0.26 ms, found 0 plugins.
Preloading 0 native plugins for Editor in 0.00 ms.
Invoked RoslynAnalysisRunner static constructor.
RoslynAnalysisRunner will not be running.
RoslynAnalysisRunner has terminated.
Mono: successfully reloaded assembly
- Completed reload, in  0.620 seconds
Platform modules already initialized, skipping
Refreshing native plugins compatible for Editor in 0.26 ms, found 0 plugins.
Preloading 0 native plugins for Editor in 0.00 ms.
Unloading 1606 Unused Serialized files (Serialized files now loaded: 0)
System memory in use before: 88.6 MB.
System memory in use after: 88.7 MB.

Unloading 6 unused Assets to reduce memory usage. Loaded Objects now: 2093.
Total: 1.444400 ms (FindLiveObjects: 0.144800 ms CreateObjectMapping: 0.046500 ms MarkObjects: 1.201800 ms  DeleteObjects: 0.050400 ms)

========================================================================
Received Prepare
Registering precompiled user dll's ...
Registered in 0.000522 seconds.
Begin MonoManager ReloadAssembly
Native extension for WindowsStandalone target not found
Refreshing native plugins compatible for Editor in 0.31 ms, found 0 plugins.
Preloading 0 native plugins for Editor in 0.00 ms.
Invoked RoslynAnalysisRunner static constructor.
RoslynAnalysisRunner will not be running.
RoslynAnalysisRunner has terminated.
Mono: successfully reloaded assembly
- Completed reload, in  0.607 seconds
Platform modules already initialized, skipping
Refreshing native plugins compatible for Editor in 0.27 ms, found 0 plugins.
Preloading 0 native plugins for Editor in 0.00 ms.
Unloading 1606 Unused Serialized files (Serialized files now loaded: 0)
System memory in use before: 88.8 MB.
System memory in use after: 88.9 MB.

Unloading 6 unused Assets to reduce memory usage. Loaded Objects now: 2095.
Total: 2.044500 ms (FindLiveObjects: 0.158500 ms CreateObjectMapping: 0.048300 ms MarkObjects: 1.775800 ms  DeleteObjects: 0.060700 ms)

========================================================================
Received Import Request.
  Time since last request: 765.250465 seconds.
  path: Assets/Scripts/Inputmanger.cs
  artifactKey: Guid(4e85e7c824515a34e9f30182eb9f4dec) Importer(815301076,1909f56bfc062723c751e8b465ee728b)
Start importing Assets/Scripts/Inputmanger.cs using Guid(4e85e7c824515a34e9f30182eb9f4dec) Importer(815301076,1909f56bfc062723c751e8b465ee728b)  -> (artifact id: '1d308bf99eedb760da52af740b3967f8') in 0.007505 seconds
  Import took 0.009960 seconds .

========================================================================
Received Prepare
Registering precompiled user dll's ...
Registered in 0.000427 seconds.
Begin MonoManager ReloadAssembly
Native extension for WindowsStandalone target not found
Refreshing native plugins compatible for Editor in 0.25 ms, found 0 plugins.
Preloading 0 native plugins for Editor in 0.00 ms.
Invoked RoslynAnalysisRunner static constructor.
RoslynAnalysisRunner will not be running.
RoslynAnalysisRunner has terminated.
Mono: successfully reloaded assembly
- Completed reload, in  0.605 seconds
Platform modules already initialized, skipping
Refreshing native plugins compatible for Editor in 0.27 ms, found 0 plugins.
Preloading 0 native plugins for Editor in 0.00 ms.
Unloading 1607 Unused Serialized files (Serialized files now loaded: 0)
System memory in use before: 89.6 MB.
System memory in use after: 89.7 MB.

Unloading 6 unused Assets to reduce memory usage. Loaded Objects now: 2098.
Total: 1.660500 ms (FindLiveObjects: 0.170600 ms CreateObjectMapping: 0.059800 ms MarkObjects: 1.371600 ms  DeleteObjects: 0.057700 ms)

========================================================================
Received Import Request.
  Time since last request: 20.491004 seconds.
  path: Assets/Scripts/Keybinds.cs
  artifactKey: Guid(49c819152c5a5e8478f412e2098a29e1) Importer(815301076,1909f56bfc062723c751e8b465ee728b)
Start importing Assets/Scripts/Keybinds.cs using Guid(49c819152c5a5e8478f412e2098a29e1) Importer(815301076,1909f56bfc062723c751e8b465ee728b)  -> (artifact id: '7c1372d70cbb35004d711f5ea456c80a') in 0.006340 seconds
  Import took 0.008528 seconds .

========================================================================
Received Prepare
Registering precompiled user dll's ...
Registered in 0.000396 seconds.
Begin MonoManager ReloadAssembly
Native extension for WindowsStandalone target not found
Refreshing native plugins compatible for Editor in 0.26 ms, found 0 plugins.
Preloading 0 native plugins for Editor in 0.00 ms.
Invoked RoslynAnalysisRunner static constructor.
RoslynAnalysisRunner will not be running.
RoslynAnalysisRunner has terminated.
Mono: successfully reloaded assembly
- Completed reload, in  0.612 seconds
Platform modules already initialized, skipping
Refreshing native plugins compatible for Editor in 0.26 ms, found 0 plugins.
Preloading 0 native plugins for Editor in 0.00 ms.
Unloading 1608 Unused Serialized files (Serialized files now loaded: 0)
System memory in use before: 89.9 MB.
System memory in use after: 90.0 MB.

Unloading 6 unused Assets to reduce memory usage. Loaded Objects now: 2101.
Total: 2.414800 ms (FindLiveObjects: 0.196400 ms CreateObjectMapping: 0.064100 ms MarkObjects: 2.085600 ms  DeleteObjects: 0.067600 ms)

========================================================================
Received Import Request.
  Time since last request: 558.338573 seconds.
  path: Assets/Scripts/keybindings.asset
  artifactKey: Guid(c251ecba59f33714ab88d2dc6366b4a4) Importer(815301076,1909f56bfc062723c751e8b465ee728b)
Start importing Assets/Scripts/keybindings.asset using Guid(c251ecba59f33714ab88d2dc6366b4a4) Importer(815301076,1909f56bfc062723c751e8b465ee728b)  -> (artifact id: 'f42aafc74d7d4ec4d9a3d8a27fce5f1e') in 0.013455 seconds
  Import took 0.015564 seconds .

========================================================================
Received Import Request.
  Time since last request: 252.222892 seconds.
  path: Assets/Scenes/Gamescene.unity
  artifactKey: Guid(015655e1308430941b5125e0f2b3ab56) Importer(815301076,1909f56bfc062723c751e8b465ee728b)
Start importing Assets/Scenes/Gamescene.unity using Guid(015655e1308430941b5125e0f2b3ab56) Importer(815301076,1909f56bfc062723c751e8b465ee728b)  -> (artifact id: '5d298c3a90ff17ea2975aa1afc18bb18') in 0.001707 seconds
  Import took 0.003810 seconds .

========================================================================
Received Prepare
Registering precompiled user dll's ...
Registered in 0.000428 seconds.
Begin MonoManager ReloadAssembly
Native extension for WindowsStandalone target not found
Refreshing native plugins compatible for Editor in 0.26 ms, found 0 plugins.
Preloading 0 native plugins for Editor in 0.00 ms.
Invoked RoslynAnalysisRunner static constructor.
RoslynAnalysisRunner will not be running.
RoslynAnalysisRunner has terminated.
Mono: successfully reloaded assembly
- Completed reload, in  0.610 seconds
Platform modules already initialized, skipping
Refreshing native plugins compatible for Editor in 0.33 ms, found 0 plugins.
Preloading 0 native plugins for Editor in 0.00 ms.
Unloading 1608 Unused Serialized files (Serialized files now loaded: 0)
System memory in use before: 89.5 MB.
System memory in use after: 89.6 MB.

Unloading 6 unused Assets to reduce memory usage. Loaded Objects now: 2103.
Total: 1.923500 ms (FindLiveObjects: 0.213600 ms CreateObjectMapping: 0.050200 ms MarkObjects: 1.603000 ms  DeleteObjects: 0.055800 ms)

========================================================================
Received Import Request.
  Time since last request: 1677.108075 seconds.
  path: Assets/Scripts/Inputmanger.cs
  artifactKey: Guid(4e85e7c824515a34e9f30182eb9f4dec) Importer(815301076,1909f56bfc062723c751e8b465ee728b)
Start importing Assets/Scripts/Inputmanger.cs using Guid(4e85e7c824515a34e9f30182eb9f4dec) Importer(815301076,1909f56bfc062723c751e8b465ee728b)  -> (artifact id: '86f3d3e0dd1d6c963a49ccd3a6c92a07') in 0.005028 seconds
  Import took 0.007074 seconds .

========================================================================
Received Prepare
Registering precompiled user dll's ...
Registered in 0.000501 seconds.
Begin MonoManager ReloadAssembly
Native extension for WindowsStandalone target not found
Refreshing native plugins compatible for Editor in 0.33 ms, found 0 plugins.
Preloading 0 native plugins for Editor in 0.00 ms.
Invoked RoslynAnalysisRunner static constructor.
RoslynAnalysisRunner will not be running.
RoslynAnalysisRunner has terminated.
Mono: successfully reloaded assembly
- Completed reload, in  0.660 seconds
Platform modules already initialized, skipping
Refreshing native plugins compatible for Editor in 0.32 ms, found 0 plugins.
Preloading 0 native plugins for Editor in 0.00 ms.
Unloading 1608 Unused Serialized files (Serialized files now loaded: 0)
System memory in use before: 89.9 MB.
System memory in use after: 90.0 MB.

Unloading 6 unused Assets to reduce memory usage. Loaded Objects now: 2105.
Total: 1.981200 ms (FindLiveObjects: 0.159900 ms CreateObjectMapping: 0.053400 ms MarkObjects: 1.689100 ms  DeleteObjects: 0.077500 ms)

========================================================================
Received Import Request.
  Time since last request: 449.687489 seconds.
  path: Assets/Scenes/Mainmenu.unity
  artifactKey: Guid(783dfc9ce1ad13b4ba15c881c07bf2c3) Importer(815301076,1909f56bfc062723c751e8b465ee728b)
Start importing Assets/Scenes/Mainmenu.unity using Guid(783dfc9ce1ad13b4ba15c881c07bf2c3) Importer(815301076,1909f56bfc062723c751e8b465ee728b)  -> (artifact id: 'dcec82a9975d69d89bed5f848c6e98ef') in 0.013996 seconds
  Import took 0.016418 seconds .

========================================================================
Received Import Request.
  Time since last request: 1032.399972 seconds.
  path: Assets/Scripts/keybindings.asset
  artifactKey: Guid(c251ecba59f33714ab88d2dc6366b4a4) Importer(815301076,1909f56bfc062723c751e8b465ee728b)
Start importing Assets/Scripts/keybindings.asset using Guid(c251ecba59f33714ab88d2dc6366b4a4) Importer(815301076,1909f56bfc062723c751e8b465ee728b)  -> (artifact id: '74e0d1f73ab2103f85660322de7d5198') in 0.002377 seconds
  Import took 0.004834 seconds .

========================================================================
Received Import Request.
  Time since last request: 16.739023 seconds.
  path: Assets/Scripts/KeyRebindings.cs
  artifactKey: Guid(01be91ed994d18949876657d98524583) Importer(815301076,1909f56bfc062723c751e8b465ee728b)
Start importing Assets/Scripts/KeyRebindings.cs using Guid(01be91ed994d18949876657d98524583) Importer(815301076,1909f56bfc062723c751e8b465ee728b)  -> (artifact id: '0c63935f92f3ad0628b4edb330a9a87a') in 0.005134 seconds
  Import took 0.007324 seconds .

========================================================================
Received Prepare
Registering precompiled user dll's ...
Registered in 0.000419 seconds.
Begin MonoManager ReloadAssembly
Native extension for WindowsStandalone target not found
Refreshing native plugins compatible for Editor in 0.29 ms, found 0 plugins.
Preloading 0 native plugins for Editor in 0.00 ms.
Invoked RoslynAnalysisRunner static constructor.
RoslynAnalysisRunner will not be running.
RoslynAnalysisRunner has terminated.
Mono: successfully reloaded assembly
- Completed reload, in  0.614 seconds
Platform modules already initialized, skipping
Refreshing native plugins compatible for Editor in 0.30 ms, found 0 plugins.
Preloading 0 native plugins for Editor in 0.00 ms.
Unloading 1609 Unused Serialized files (Serialized files now loaded: 0)
System memory in use before: 89.4 MB.
System memory in use after: 89.5 MB.

Unloading 6 unused Assets to reduce memory usage. Loaded Objects now: 2108.
Total: 1.659500 ms (FindLiveObjects: 0.150500 ms CreateObjectMapping: 0.046900 ms MarkObjects: 1.405500 ms  DeleteObjects: 0.055500 ms)

========================================================================
Received Prepare
Registering precompiled user dll's ...
Registered in 0.000419 seconds.
Begin MonoManager ReloadAssembly
Native extension for WindowsStandalone target not found
Refreshing native plugins compatible for Editor in 0.26 ms, found 0 plugins.
Preloading 0 native plugins for Editor in 0.00 ms.
Invoked RoslynAnalysisRunner static constructor.
RoslynAnalysisRunner will not be running.
RoslynAnalysisRunner has terminated.
Mono: successfully reloaded assembly
- Completed reload, in  0.615 seconds
Platform modules already initialized, skipping
Refreshing native plugins compatible for Editor in 0.27 ms, found 0 plugins.
Preloading 0 native plugins for Editor in 0.00 ms.
Unloading 1609 Unused Serialized files (Serialized files now loaded: 0)
System memory in use before: 89.8 MB.
System memory in use after: 89.9 MB.

Unloading 6 unused Assets to reduce memory usage. Loaded Objects now: 2110.
Total: 1.808500 ms (FindLiveObjects: 0.157200 ms CreateObjectMapping: 0.051200 ms MarkObjects: 1.532900 ms  DeleteObjects: 0.066200 ms)

========================================================================
Received Import Request.
  Time since last request: 496.364964 seconds.
  path: Assets/Scripts/KeyRebindings.cs
  artifactKey: Guid(01be91ed994d18949876657d98524583) Importer(815301076,1909f56bfc062723c751e8b465ee728b)
Start importing Assets/Scripts/KeyRebindings.cs using Guid(01be91ed994d18949876657d98524583) Importer(815301076,1909f56bfc062723c751e8b465ee728b)  -> (artifact id: 'bb0d40e4ffb0316d1f56aaf6dd961c25') in 0.002988 seconds
  Import took 0.005060 seconds .

========================================================================
Received Prepare
Registering precompiled user dll's ...
Registered in 0.000411 seconds.
Begin MonoManager ReloadAssembly
Native extension for WindowsStandalone target not found
Refreshing native plugins compatible for Editor in 0.26 ms, found 0 plugins.
Preloading 0 native plugins for Editor in 0.00 ms.
Invoked RoslynAnalysisRunner static constructor.
RoslynAnalysisRunner will not be running.
RoslynAnalysisRunner has terminated.
Mono: successfully reloaded assembly
- Completed reload, in  0.611 seconds
Platform modules already initialized, skipping
Refreshing native plugins compatible for Editor in 0.26 ms, found 0 plugins.
Preloading 0 native plugins for Editor in 0.00 ms.
Unloading 1609 Unused Serialized files (Serialized files now loaded: 0)
System memory in use before: 90.0 MB.
System memory in use after: 90.0 MB.

Unloading 6 unused Assets to reduce memory usage. Loaded Objects now: 2112.
Total: 1.784500 ms (FindLiveObjects: 0.175900 ms CreateObjectMapping: 0.048000 ms MarkObjects: 1.500400 ms  DeleteObjects: 0.058600 ms)

========================================================================
Received Prepare
Registering precompiled user dll's ...
Registered in 0.000477 seconds.
Begin MonoManager ReloadAssembly
Native extension for WindowsStandalone target not found
Refreshing native plugins compatible for Editor in 0.26 ms, found 0 plugins.
Preloading 0 native plugins for Editor in 0.00 ms.
Invoked RoslynAnalysisRunner static constructor.
RoslynAnalysisRunner will not be running.
RoslynAnalysisRunner has terminated.
Mono: successfully reloaded assembly
- Completed reload, in  0.601 seconds
Platform modules already initialized, skipping
Refreshing native plugins compatible for Editor in 0.36 ms, found 0 plugins.
Preloading 0 native plugins for Editor in 0.00 ms.
Unloading 1609 Unused Serialized files (Serialized files now loaded: 0)
System memory in use before: 89.7 MB.
System memory in use after: 89.8 MB.

Unloading 6 unused Assets to reduce memory usage. Loaded Objects now: 2114.
Total: 1.786700 ms (FindLiveObjects: 0.155900 ms CreateObjectMapping: 0.050800 ms MarkObjects: 1.525200 ms  DeleteObjects: 0.053700 ms)

========================================================================
Received Import Request.
  Time since last request: 945.812793 seconds.
  path: Assets/Scripts/Keybinds.cs
  artifactKey: Guid(49c819152c5a5e8478f412e2098a29e1) Importer(815301076,1909f56bfc062723c751e8b465ee728b)
Start importing Assets/Scripts/Keybinds.cs using Guid(49c819152c5a5e8478f412e2098a29e1) Importer(815301076,1909f56bfc062723c751e8b465ee728b)  -> (artifact id: '352a9e85f5810c99dacd7f15535e515d') in 0.004268 seconds
  Import took 0.006834 seconds .

========================================================================
Received Prepare
Registering precompiled user dll's ...
Registered in 0.000384 seconds.
Begin MonoManager ReloadAssembly
Native extension for WindowsStandalone target not found
Refreshing native plugins compatible for Editor in 0.25 ms, found 0 plugins.
Preloading 0 native plugins for Editor in 0.00 ms.
Invoked RoslynAnalysisRunner static constructor.
RoslynAnalysisRunner will not be running.
RoslynAnalysisRunner has terminated.
Mono: successfully reloaded assembly
- Completed reload, in  0.584 seconds
Platform modules already initialized, skipping
Refreshing native plugins compatible for Editor in 0.28 ms, found 0 plugins.
Preloading 0 native plugins for Editor in 0.00 ms.
Unloading 1609 Unused Serialized files (Serialized files now loaded: 0)
System memory in use before: 90.0 MB.
System memory in use after: 90.1 MB.

Unloading 6 unused Assets to reduce memory usage. Loaded Objects now: 2116.
Total: 1.582400 ms (FindLiveObjects: 0.197900 ms CreateObjectMapping: 0.046400 ms MarkObjects: 1.287200 ms  DeleteObjects: 0.050400 ms)

========================================================================
Received Prepare
Registering precompiled user dll's ...
Registered in 0.000485 seconds.
Begin MonoManager ReloadAssembly
Native extension for WindowsStandalone target not found
Refreshing native plugins compatible for Editor in 0.39 ms, found 0 plugins.
Preloading 0 native plugins for Editor in 0.00 ms.
Invoked RoslynAnalysisRunner static constructor.
RoslynAnalysisRunner will not be running.
RoslynAnalysisRunner has terminated.
Mono: successfully reloaded assembly
- Completed reload, in  0.652 seconds
Platform modules already initialized, skipping
Refreshing native plugins compatible for Editor in 0.28 ms, found 0 plugins.
Preloading 0 native plugins for Editor in 0.00 ms.
Unloading 1609 Unused Serialized files (Serialized files now loaded: 0)
System memory in use before: 89.6 MB.
System memory in use after: 89.7 MB.

Unloading 6 unused Assets to reduce memory usage. Loaded Objects now: 2118.
Total: 1.922100 ms (FindLiveObjects: 0.194200 ms CreateObjectMapping: 0.066100 ms MarkObjects: 1.596500 ms  DeleteObjects: 0.064100 ms)

========================================================================
Received Prepare
Registering precompiled user dll's ...
Registered in 0.000420 seconds.
Begin MonoManager ReloadAssembly
Native extension for WindowsStandalone target not found
Refreshing native plugins compatible for Editor in 0.25 ms, found 0 plugins.
Preloading 0 native plugins for Editor in 0.00 ms.
Invoked RoslynAnalysisRunner static constructor.
RoslynAnalysisRunner will not be running.
RoslynAnalysisRunner has terminated.
Mono: successfully reloaded assembly
- Completed reload, in  0.578 seconds
Platform modules already initialized, skipping
Refreshing native plugins compatible for Editor in 0.25 ms, found 0 plugins.
Preloading 0 native plugins for Editor in 0.00 ms.
Unloading 1609 Unused Serialized files (Serialized files now loaded: 0)
System memory in use before: 90.0 MB.
System memory in use after: 90.1 MB.

Unloading 6 unused Assets to reduce memory usage. Loaded Objects now: 2120.
Total: 1.614600 ms (FindLiveObjects: 0.156200 ms CreateObjectMapping: 0.051000 ms MarkObjects: 1.313000 ms  DeleteObjects: 0.093300 ms)

========================================================================
Received Import Request.
  Time since last request: 333.114649 seconds.
  path: Assets/Scripts/keybinds.prefab
  artifactKey: Guid(a6be9c5a40251084d8413812cba1c3e0) Importer(815301076,1909f56bfc062723c751e8b465ee728b)
Start importing Assets/Scripts/keybinds.prefab using Guid(a6be9c5a40251084d8413812cba1c3e0) Importer(815301076,1909f56bfc062723c751e8b465ee728b)  -> (artifact id: 'ea75f7aedaecc3e03b6f4ae1c6fa2c42') in 0.074787 seconds
  Import took 0.077241 seconds .

========================================================================
Received Prepare
Registering precompiled user dll's ...
Registered in 0.000413 seconds.
Begin MonoManager ReloadAssembly
Native extension for WindowsStandalone target not found
Refreshing native plugins compatible for Editor in 0.25 ms, found 0 plugins.
Preloading 0 native plugins for Editor in 0.00 ms.
Invoked RoslynAnalysisRunner static constructor.
RoslynAnalysisRunner will not be running.
RoslynAnalysisRunner has terminated.
Mono: successfully reloaded assembly
- Completed reload, in  0.588 seconds
Platform modules already initialized, skipping
Refreshing native plugins compatible for Editor in 0.26 ms, found 0 plugins.
Preloading 0 native plugins for Editor in 0.00 ms.
Unloading 1609 Unused Serialized files (Serialized files now loaded: 0)
System memory in use before: 89.8 MB.
System memory in use after: 89.9 MB.

Unloading 8 unused Assets to reduce memory usage. Loaded Objects now: 2122.
Total: 1.653800 ms (FindLiveObjects: 0.167000 ms CreateObjectMapping: 0.041800 ms MarkObjects: 1.351000 ms  DeleteObjects: 0.093200 ms)

========================================================================
Received Import Request.
  Time since last request: 104.931475 seconds.
  path: Assets/Scripts/keybinds.prefab
  artifactKey: Guid(a6be9c5a40251084d8413812cba1c3e0) Importer(815301076,1909f56bfc062723c751e8b465ee728b)
Start importing Assets/Scripts/keybinds.prefab using Guid(a6be9c5a40251084d8413812cba1c3e0) Importer(815301076,1909f56bfc062723c751e8b465ee728b)  -> (artifact id: '0cff7abb74e8930f17c58b4c010b1d60') in 0.068195 seconds
  Import took 0.070684 seconds .

========================================================================
Received Import Request.
  Time since last request: 26.151121 seconds.
  path: Assets/Scenes/Gamescene.unity
  artifactKey: Guid(015655e1308430941b5125e0f2b3ab56) Importer(815301076,1909f56bfc062723c751e8b465ee728b)
Start importing Assets/Scenes/Gamescene.unity using Guid(015655e1308430941b5125e0f2b3ab56) Importer(815301076,1909f56bfc062723c751e8b465ee728b)  -> (artifact id: '130082e6ea9cf2a38360df960fcbe0c0') in 0.001721 seconds
  Import took 0.004026 seconds .

========================================================================
Received Import Request.
  Time since last request: 13.592944 seconds.
  path: Assets/Samples
  artifactKey: Guid(362bac5d8a1efaa4fbc8beb1766bfc3b) Importer(815301076,1909f56bfc062723c751e8b465ee728b)
Start importing Assets/Samples using Guid(362bac5d8a1efaa4fbc8beb1766bfc3b) Importer(815301076,1909f56bfc062723c751e8b465ee728b)  -> (artifact id: '2820dec5eefac861c7deca18f314b4b4') in 0.005214 seconds
  Import took 0.007410 seconds .

========================================================================
Received Prepare
Registering precompiled user dll's ...
Registered in 0.000423 seconds.
Begin MonoManager ReloadAssembly
Native extension for WindowsStandalone target not found
Refreshing native plugins compatible for Editor in 0.26 ms, found 0 plugins.
Preloading 0 native plugins for Editor in 0.00 ms.
Invoked RoslynAnalysisRunner static constructor.
RoslynAnalysisRunner will not be running.
RoslynAnalysisRunner has terminated.
Mono: successfully reloaded assembly
- Completed reload, in  0.608 seconds
Platform modules already initialized, skipping
Refreshing native plugins compatible for Editor in 0.25 ms, found 0 plugins.
Preloading 0 native plugins for Editor in 0.00 ms.
Unloading 1609 Unused Serialized files (Serialized files now loaded: 0)
System memory in use before: 90.3 MB.
System memory in use after: 90.4 MB.

Unloading 8 unused Assets to reduce memory usage. Loaded Objects now: 2124.
Total: 1.629800 ms (FindLiveObjects: 0.139600 ms CreateObjectMapping: 0.044300 ms MarkObjects: 1.386500 ms  DeleteObjects: 0.058500 ms)

========================================================================
Received Import Request.
  Time since last request: 400.723145 seconds.
  path: Assets/Scripts/Menu/Pausemenu.cs
  artifactKey: Guid(1aa382872f2fa6e4f9cdcfe9d209a60f) Importer(815301076,1909f56bfc062723c751e8b465ee728b)
Start importing Assets/Scripts/Menu/Pausemenu.cs using Guid(1aa382872f2fa6e4f9cdcfe9d209a60f) Importer(815301076,1909f56bfc062723c751e8b465ee728b)  -> (artifact id: 'fd168b76a80f9a72756a23fdcc28d850') in 0.006966 seconds
  Import took 0.008981 seconds .

========================================================================
Received Import Request.
  Time since last request: 0.014945 seconds.
  path: Assets/Scripts/Menu/Pausemenu.cs
  artifactKey: Guid(1aa382872f2fa6e4f9cdcfe9d209a60f) Importer(815301076,1909f56bfc062723c751e8b465ee728b)
Start importing Assets/Scripts/Menu/Pausemenu.cs using Guid(1aa382872f2fa6e4f9cdcfe9d209a60f) Importer(815301076,1909f56bfc062723c751e8b465ee728b)  -> (artifact id: 'fd168b76a80f9a72756a23fdcc28d850') in 0.001423 seconds
  Import took 0.003599 seconds .

========================================================================
Received Prepare
Registering precompiled user dll's ...
Registered in 0.000473 seconds.
Begin MonoManager ReloadAssembly
Native extension for WindowsStandalone target not found
Refreshing native plugins compatible for Editor in 0.26 ms, found 0 plugins.
Preloading 0 native plugins for Editor in 0.00 ms.
Invoked RoslynAnalysisRunner static constructor.
RoslynAnalysisRunner will not be running.
RoslynAnalysisRunner has terminated.
Mono: successfully reloaded assembly
- Completed reload, in  0.607 seconds
Platform modules already initialized, skipping
Refreshing native plugins compatible for Editor in 0.27 ms, found 0 plugins.
Preloading 0 native plugins for Editor in 0.00 ms.
Unloading 1609 Unused Serialized files (Serialized files now loaded: 0)
System memory in use before: 90.4 MB.
System memory in use after: 90.4 MB.

Unloading 6 unused Assets to reduce memory usage. Loaded Objects now: 2126.
Total: 1.774200 ms (FindLiveObjects: 0.160800 ms CreateObjectMapping: 0.051500 ms MarkObjects: 1.501300 ms  DeleteObjects: 0.059600 ms)

========================================================================
Received Prepare
Registering precompiled user dll's ...
Registered in 0.000513 seconds.
Begin MonoManager ReloadAssembly
Native extension for WindowsStandalone target not found
Refreshing native plugins compatible for Editor in 0.26 ms, found 0 plugins.
Preloading 0 native plugins for Editor in 0.00 ms.
Invoked RoslynAnalysisRunner static constructor.
RoslynAnalysisRunner will not be running.
RoslynAnalysisRunner has terminated.
Mono: successfully reloaded assembly
- Completed reload, in  0.594 seconds
Platform modules already initialized, skipping
Refreshing native plugins compatible for Editor in 0.26 ms, found 0 plugins.
Preloading 0 native plugins for Editor in 0.00 ms.
Unloading 1609 Unused Serialized files (Serialized files now loaded: 0)
System memory in use before: 90.2 MB.
System memory in use after: 90.2 MB.

Unloading 6 unused Assets to reduce memory usage. Loaded Objects now: 2128.
Total: 1.922200 ms (FindLiveObjects: 0.168200 ms CreateObjectMapping: 0.054700 ms MarkObjects: 1.636800 ms  DeleteObjects: 0.061400 ms)

========================================================================
Received Prepare
Registering precompiled user dll's ...
Registered in 0.000502 seconds.
Begin MonoManager ReloadAssembly
Native extension for WindowsStandalone target not found
Refreshing native plugins compatible for Editor in 0.26 ms, found 0 plugins.
Preloading 0 native plugins for Editor in 0.00 ms.
Invoked RoslynAnalysisRunner static constructor.
RoslynAnalysisRunner will not be running.
RoslynAnalysisRunner has terminated.
Mono: successfully reloaded assembly
- Completed reload, in  0.606 seconds
Platform modules already initialized, skipping
Refreshing native plugins compatible for Editor in 0.26 ms, found 0 plugins.
Preloading 0 native plugins for Editor in 0.00 ms.
Unloading 1609 Unused Serialized files (Serialized files now loaded: 0)
System memory in use before: 90.4 MB.
System memory in use after: 90.5 MB.

Unloading 6 unused Assets to reduce memory usage. Loaded Objects now: 2130.
Total: 1.559200 ms (FindLiveObjects: 0.149800 ms CreateObjectMapping: 0.048900 ms MarkObjects: 1.307000 ms  DeleteObjects: 0.052400 ms)

========================================================================
Received Prepare
Registering precompiled user dll's ...
Registered in 0.000389 seconds.
Begin MonoManager ReloadAssembly
Native extension for WindowsStandalone target not found
Refreshing native plugins compatible for Editor in 0.25 ms, found 0 plugins.
Preloading 0 native plugins for Editor in 0.00 ms.
Invoked RoslynAnalysisRunner static constructor.
RoslynAnalysisRunner will not be running.
RoslynAnalysisRunner has terminated.
Mono: successfully reloaded assembly
- Completed reload, in  0.588 seconds
Platform modules already initialized, skipping
Refreshing native plugins compatible for Editor in 0.26 ms, found 0 plugins.
Preloading 0 native plugins for Editor in 0.00 ms.
Unloading 1609 Unused Serialized files (Serialized files now loaded: 0)
System memory in use before: 90.0 MB.
System memory in use after: 90.1 MB.

Unloading 6 unused Assets to reduce memory usage. Loaded Objects now: 2132.
Total: 1.689800 ms (FindLiveObjects: 0.171100 ms CreateObjectMapping: 0.070300 ms MarkObjects: 1.374900 ms  DeleteObjects: 0.072800 ms)

========================================================================
Received Import Request.
  Time since last request: 399.759217 seconds.
  path: Assets/Audio/Master.mixer
  artifactKey: Guid(85d2c6f4821322e49bf369e9e293e9ec) Importer(815301076,1909f56bfc062723c751e8b465ee728b)
Start importing Assets/Audio/Master.mixer using Guid(85d2c6f4821322e49bf369e9e293e9ec) Importer(815301076,1909f56bfc062723c751e8b465ee728b)  -> (artifact id: '7cb72e6a8279562a5a373042ebb71ccb') in 0.013201 seconds
  Import took 0.015456 seconds .

========================================================================
Received Prepare
Registering precompiled user dll's ...
Registered in 0.000345 seconds.
Begin MonoManager ReloadAssembly
Native extension for WindowsStandalone target not found
Refreshing native plugins compatible for Editor in 0.25 ms, found 0 plugins.
Preloading 0 native plugins for Editor in 0.00 ms.
Invoked RoslynAnalysisRunner static constructor.
RoslynAnalysisRunner will not be running.
RoslynAnalysisRunner has terminated.
Mono: successfully reloaded assembly
- Completed reload, in  0.591 seconds
Platform modules already initialized, skipping
Refreshing native plugins compatible for Editor in 0.26 ms, found 0 plugins.
Preloading 0 native plugins for Editor in 0.00 ms.
Unloading 1609 Unused Serialized files (Serialized files now loaded: 0)
System memory in use before: 90.4 MB.
System memory in use after: 90.5 MB.

Unloading 6 unused Assets to reduce memory usage. Loaded Objects now: 2134.
Total: 1.893800 ms (FindLiveObjects: 0.306500 ms CreateObjectMapping: 0.049600 ms MarkObjects: 1.455200 ms  DeleteObjects: 0.081100 ms)

========================================================================
Received Import Request.
  Time since last request: 52.793414 seconds.
  path: Assets/Scenes/Mainmenu.unity
  artifactKey: Guid(783dfc9ce1ad13b4ba15c881c07bf2c3) Importer(815301076,1909f56bfc062723c751e8b465ee728b)
Start importing Assets/Scenes/Mainmenu.unity using Guid(783dfc9ce1ad13b4ba15c881c07bf2c3) Importer(815301076,1909f56bfc062723c751e8b465ee728b)  -> (artifact id: '7a9d7a3bc2c6c43459eb40308c029352') in 0.007883 seconds
  Import took 0.009946 seconds .

========================================================================
Received Import Request.
  Time since last request: 0.001899 seconds.
  path: Assets/Scenes/Mainmenu.unity
  artifactKey: Guid(783dfc9ce1ad13b4ba15c881c07bf2c3) Importer(815301076,1909f56bfc062723c751e8b465ee728b)
Start importing Assets/Scenes/Mainmenu.unity using Guid(783dfc9ce1ad13b4ba15c881c07bf2c3) Importer(815301076,1909f56bfc062723c751e8b465ee728b)  -> (artifact id: '7a9d7a3bc2c6c43459eb40308c029352') in 0.001546 seconds
  Import took 0.003681 seconds .

========================================================================
Received Prepare
Registering precompiled user dll's ...
Registered in 0.000487 seconds.
Begin MonoManager ReloadAssembly
Native extension for WindowsStandalone target not found
Refreshing native plugins compatible for Editor in 0.32 ms, found 0 plugins.
Preloading 0 native plugins for Editor in 0.00 ms.
Invoked RoslynAnalysisRunner static constructor.
RoslynAnalysisRunner will not be running.
RoslynAnalysisRunner has terminated.
Mono: successfully reloaded assembly
- Completed reload, in  0.664 seconds
Platform modules already initialized, skipping
Refreshing native plugins compatible for Editor in 0.32 ms, found 0 plugins.
Preloading 0 native plugins for Editor in 0.00 ms.
Unloading 1609 Unused Serialized files (Serialized files now loaded: 0)
System memory in use before: 89.9 MB.
System memory in use after: 90.0 MB.

Unloading 6 unused Assets to reduce memory usage. Loaded Objects now: 2136.
Total: 1.833600 ms (FindLiveObjects: 0.174600 ms CreateObjectMapping: 0.059500 ms MarkObjects: 1.528700 ms  DeleteObjects: 0.069800 ms)

AssetImportWorkerClient::OnTransportError - code=2 error=End of file
