Using pre-set license
Built from '2020.2/release' branch; Version is '2020.2.2f1 (068178b99f32) revision 426360'; Using compiler version '192528614'; Build Type 'Release'
OS: 'Windows 10 Enterprise; OS build 19042.1052; Version 2009; 64bit' Language: 'en' Physical Memory: 16318 MB
BatchMode: 1, IsHumanControllingUs: 0, StartBugReporterOnCrash: 0, Is64bit: 1, IsPro: 0

 COMMAND LINE ARGUMENTS:
D:\games\unity\2020.2.2f1\Editor\Unity.exe
-adb2
-batchMode
-noUpm
-name
AssetImportWorker0
-projectPath
D:/github/GUIProject
-logFile
Logs/AssetImportWorker0.log
-srvPort
49931
Successfully changed project path to: D:/github/GUIProject
D:/github/GUIProject
Using Asset Import Pipeline V2.
Refreshing native plugins compatible for Editor in 26.91 ms, found 0 plugins.
Preloading 0 native plugins for Editor in 0.00 ms.
Initialize engine version: 2020.2.2f1 (068178b99f32)
[Subsystems] Discovering subsystems at path D:/games/unity/2020.2.2f1/Editor/Data/Resources/UnitySubsystems
[Subsystems] Discovering subsystems at path D:/github/GUIProject/Assets
GfxDevice: creating device client; threaded=0
Direct3D:
    Version:  Direct3D 11.0 [level 11.1]
    Renderer: NVIDIA GeForce RTX 2070 (ID=0x1f02)
    Vendor:   
    VRAM:     8031 MB
    Driver:   27.21.14.5671
Initialize mono
Mono path[0] = 'D:/games/unity/2020.2.2f1/Editor/Data/Managed'
Mono path[1] = 'D:/games/unity/2020.2.2f1/Editor/Data/MonoBleedingEdge/lib/mono/unityjit'
Mono config path = 'D:/games/unity/2020.2.2f1/Editor/Data/MonoBleedingEdge/etc'
Using monoOptions --debugger-agent=transport=dt_socket,embedding=1,server=y,suspend=n,address=127.0.0.1:56464
Begin MonoManager ReloadAssembly
Registering precompiled unity dll's ...
Register platform support module: D:/games/unity/2020.2.2f1/Editor/Data/PlaybackEngines/WindowsStandaloneSupport/UnityEditor.WindowsStandalone.Extensions.dll
Registered in 0.000713 seconds.
Native extension for WindowsStandalone target not found
Refreshing native plugins compatible for Editor in 26.97 ms, found 0 plugins.
Preloading 0 native plugins for Editor in 0.00 ms.
Invoked RoslynAnalysisRunner static constructor.
RoslynAnalysisRunner will not be running.
RoslynAnalysisRunner has terminated.
Mono: successfully reloaded assembly
- Completed reload, in  0.668 seconds
Platform modules already initialized, skipping
Registering precompiled user dll's ...
Registered in 0.000662 seconds.
Begin MonoManager ReloadAssembly
Native extension for WindowsStandalone target not found
Refreshing native plugins compatible for Editor in 27.68 ms, found 0 plugins.
Preloading 0 native plugins for Editor in 0.00 ms.
Invoked RoslynAnalysisRunner static constructor.
RoslynAnalysisRunner will not be running.
RoslynAnalysisRunner has terminated.
Mono: successfully reloaded assembly
- Completed reload, in  0.725 seconds
Platform modules already initialized, skipping
========================================================================
Worker process is ready to serve import requests
Launched and connected shader compiler UnityShaderCompiler.exe after 0.04 seconds
Refreshing native plugins compatible for Editor in 0.32 ms, found 0 plugins.
Preloading 0 native plugins for Editor in 0.00 ms.
Unloading 1692 Unused Serialized files (Serialized files now loaded: 0)
System memory in use before: 91.3 MB.
System memory in use after: 91.3 MB.

Unloading 14 unused Assets to reduce memory usage. Loaded Objects now: 2157.
Total: 1.743900 ms (FindLiveObjects: 0.194000 ms CreateObjectMapping: 0.080500 ms MarkObjects: 1.377900 ms  DeleteObjects: 0.090800 ms)

========================================================================
Received Import Request.
  path: Assets/Scripts/ThirdPersonmovement.cs
  artifactKey: Guid(9ee6835a96859f9479425a3dc8c8f5cf) Importer(815301076,1909f56bfc062723c751e8b465ee728b)
Start importing Assets/Scripts/ThirdPersonmovement.cs using Guid(9ee6835a96859f9479425a3dc8c8f5cf) Importer(815301076,1909f56bfc062723c751e8b465ee728b)  -> (artifact id: 'b2e2ba9e98678f394be2f6133c2a5fa1') in 0.030840 seconds
  Import took 0.033184 seconds .

========================================================================
Received Import Request.
  Time since last request: 176.291037 seconds.
  path: Assets/Scripts/Inputmanger.cs
  artifactKey: Guid(4e85e7c824515a34e9f30182eb9f4dec) Importer(815301076,1909f56bfc062723c751e8b465ee728b)
Start importing Assets/Scripts/Inputmanger.cs using Guid(4e85e7c824515a34e9f30182eb9f4dec) Importer(815301076,1909f56bfc062723c751e8b465ee728b)  -> (artifact id: '06f96642c56258f5fb962048e613f850') in 0.004921 seconds
  Import took 0.022533 seconds .

========================================================================
Received Import Request.
  Time since last request: 2.563597 seconds.
  path: Assets/Scripts/Keybinds.cs
  artifactKey: Guid(49c819152c5a5e8478f412e2098a29e1) Importer(815301076,1909f56bfc062723c751e8b465ee728b)
Start importing Assets/Scripts/Keybinds.cs using Guid(49c819152c5a5e8478f412e2098a29e1) Importer(815301076,1909f56bfc062723c751e8b465ee728b)  -> (artifact id: '00f776e6ac8cc75f45f6918fffea5d86') in 0.005644 seconds
  Import took 0.026497 seconds .

========================================================================
Received Import Request.
  Time since last request: 69.735930 seconds.
  path: Assets/Scripts/Keybinds.cs
  artifactKey: Guid(49c819152c5a5e8478f412e2098a29e1) Importer(815301076,1909f56bfc062723c751e8b465ee728b)
Start importing Assets/Scripts/Keybinds.cs using Guid(49c819152c5a5e8478f412e2098a29e1) Importer(815301076,1909f56bfc062723c751e8b465ee728b)  -> (artifact id: '990adbe64761dbe2fbeab9a997e79d33') in 0.001646 seconds
  Import took 0.010068 seconds .

========================================================================
Received Import Request.
  Time since last request: 0.003349 seconds.
  path: Assets/Scripts/Keybinds.cs
  artifactKey: Guid(49c819152c5a5e8478f412e2098a29e1) Importer(815301076,1909f56bfc062723c751e8b465ee728b)
Start importing Assets/Scripts/Keybinds.cs using Guid(49c819152c5a5e8478f412e2098a29e1) Importer(815301076,1909f56bfc062723c751e8b465ee728b)  -> (artifact id: '990adbe64761dbe2fbeab9a997e79d33') in 0.001192 seconds
  Import took 0.003367 seconds .

========================================================================
Received Prepare
Registering precompiled user dll's ...
Registered in 0.000633 seconds.
Begin MonoManager ReloadAssembly
Native extension for WindowsStandalone target not found
Refreshing native plugins compatible for Editor in 0.27 ms, found 0 plugins.
Preloading 0 native plugins for Editor in 0.00 ms.
Invoked RoslynAnalysisRunner static constructor.
RoslynAnalysisRunner will not be running.
RoslynAnalysisRunner has terminated.
Mono: successfully reloaded assembly
- Completed reload, in  0.627 seconds
Platform modules already initialized, skipping
Refreshing native plugins compatible for Editor in 0.32 ms, found 0 plugins.
Preloading 0 native plugins for Editor in 0.00 ms.
Unloading 1671 Unused Serialized files (Serialized files now loaded: 0)
System memory in use before: 90.7 MB.
System memory in use after: 90.7 MB.

Unloading 7 unused Assets to reduce memory usage. Loaded Objects now: 2159.
Total: 1.744000 ms (FindLiveObjects: 0.153600 ms CreateObjectMapping: 0.049500 ms MarkObjects: 1.471500 ms  DeleteObjects: 0.068500 ms)

========================================================================
Received Import Request.
  Time since last request: 1120.460751 seconds.
  path: Assets/Scripts/ThirdPersonmovement.cs
  artifactKey: Guid(9ee6835a96859f9479425a3dc8c8f5cf) Importer(815301076,1909f56bfc062723c751e8b465ee728b)
Start importing Assets/Scripts/ThirdPersonmovement.cs using Guid(9ee6835a96859f9479425a3dc8c8f5cf) Importer(815301076,1909f56bfc062723c751e8b465ee728b)  -> (artifact id: 'b08fb1ca682b319d71df2fa60c9d9529') in 0.003538 seconds
  Import took 0.515201 seconds .

========================================================================
Received Prepare
Registering precompiled user dll's ...
Registered in 0.000749 seconds.
Begin MonoManager ReloadAssembly
Native extension for WindowsStandalone target not found
Refreshing native plugins compatible for Editor in 0.42 ms, found 0 plugins.
Preloading 0 native plugins for Editor in 0.00 ms.
Invoked RoslynAnalysisRunner static constructor.
RoslynAnalysisRunner will not be running.
RoslynAnalysisRunner has terminated.
Mono: successfully reloaded assembly
- Completed reload, in  0.622 seconds
Platform modules already initialized, skipping
Refreshing native plugins compatible for Editor in 0.27 ms, found 0 plugins.
Preloading 0 native plugins for Editor in 0.00 ms.
Unloading 1671 Unused Serialized files (Serialized files now loaded: 0)
System memory in use before: 91.4 MB.
System memory in use after: 91.5 MB.

Unloading 7 unused Assets to reduce memory usage. Loaded Objects now: 2161.
Total: 1.632600 ms (FindLiveObjects: 0.149500 ms CreateObjectMapping: 0.048700 ms MarkObjects: 1.371700 ms  DeleteObjects: 0.062000 ms)

========================================================================
Received Prepare
Registering precompiled user dll's ...
Registered in 0.000668 seconds.
Begin MonoManager ReloadAssembly
Native extension for WindowsStandalone target not found
Refreshing native plugins compatible for Editor in 0.27 ms, found 0 plugins.
Preloading 0 native plugins for Editor in 0.00 ms.
Invoked RoslynAnalysisRunner static constructor.
RoslynAnalysisRunner will not be running.
RoslynAnalysisRunner has terminated.
Mono: successfully reloaded assembly
- Completed reload, in  0.620 seconds
Platform modules already initialized, skipping
Refreshing native plugins compatible for Editor in 0.28 ms, found 0 plugins.
Preloading 0 native plugins for Editor in 0.00 ms.
Unloading 1671 Unused Serialized files (Serialized files now loaded: 0)
System memory in use before: 91.7 MB.
System memory in use after: 91.8 MB.

Unloading 7 unused Assets to reduce memory usage. Loaded Objects now: 2163.
Total: 1.845000 ms (FindLiveObjects: 0.192000 ms CreateObjectMapping: 0.060500 ms MarkObjects: 1.523400 ms  DeleteObjects: 0.068200 ms)

========================================================================
Received Prepare
Registering precompiled user dll's ...
Registered in 0.000630 seconds.
Begin MonoManager ReloadAssembly
Native extension for WindowsStandalone target not found
Refreshing native plugins compatible for Editor in 0.28 ms, found 0 plugins.
Preloading 0 native plugins for Editor in 0.00 ms.
Invoked RoslynAnalysisRunner static constructor.
RoslynAnalysisRunner will not be running.
RoslynAnalysisRunner has terminated.
Mono: successfully reloaded assembly
- Completed reload, in  0.623 seconds
Platform modules already initialized, skipping
Refreshing native plugins compatible for Editor in 0.31 ms, found 0 plugins.
Preloading 0 native plugins for Editor in 0.00 ms.
Unloading 1671 Unused Serialized files (Serialized files now loaded: 0)
System memory in use before: 91.5 MB.
System memory in use after: 91.6 MB.

Unloading 7 unused Assets to reduce memory usage. Loaded Objects now: 2165.
Total: 1.683700 ms (FindLiveObjects: 0.167000 ms CreateObjectMapping: 0.056400 ms MarkObjects: 1.394500 ms  DeleteObjects: 0.064900 ms)

========================================================================
Received Prepare
Registering precompiled user dll's ...
Registered in 0.000602 seconds.
Begin MonoManager ReloadAssembly
Native extension for WindowsStandalone target not found
Refreshing native plugins compatible for Editor in 0.27 ms, found 0 plugins.
Preloading 0 native plugins for Editor in 0.00 ms.
Invoked RoslynAnalysisRunner static constructor.
RoslynAnalysisRunner will not be running.
RoslynAnalysisRunner has terminated.
Mono: successfully reloaded assembly
- Completed reload, in  0.613 seconds
Platform modules already initialized, skipping
Refreshing native plugins compatible for Editor in 0.29 ms, found 0 plugins.
Preloading 0 native plugins for Editor in 0.00 ms.
Unloading 1671 Unused Serialized files (Serialized files now loaded: 0)
System memory in use before: 91.7 MB.
System memory in use after: 91.8 MB.

Unloading 7 unused Assets to reduce memory usage. Loaded Objects now: 2167.
Total: 1.844900 ms (FindLiveObjects: 0.176200 ms CreateObjectMapping: 0.056900 ms MarkObjects: 1.534900 ms  DeleteObjects: 0.075500 ms)

========================================================================
Received Import Request.
  Time since last request: 516.844428 seconds.
  path: Assets/Scripts/ThirdPersonmovement.cs
  artifactKey: Guid(9ee6835a96859f9479425a3dc8c8f5cf) Importer(815301076,1909f56bfc062723c751e8b465ee728b)
Start importing Assets/Scripts/ThirdPersonmovement.cs using Guid(9ee6835a96859f9479425a3dc8c8f5cf) Importer(815301076,1909f56bfc062723c751e8b465ee728b)  -> (artifact id: '59af8789559ecf516bb9fcbd614d5906') in 0.002980 seconds
  Import took 0.019867 seconds .

========================================================================
Received Import Request.
  Time since last request: 0.007740 seconds.
  path: Assets/Scripts/ThirdPersonmovement.cs
  artifactKey: Guid(9ee6835a96859f9479425a3dc8c8f5cf) Importer(815301076,1909f56bfc062723c751e8b465ee728b)
Start importing Assets/Scripts/ThirdPersonmovement.cs using Guid(9ee6835a96859f9479425a3dc8c8f5cf) Importer(815301076,1909f56bfc062723c751e8b465ee728b)  -> (artifact id: '59af8789559ecf516bb9fcbd614d5906') in 0.001214 seconds
  Import took 0.003283 seconds .

========================================================================
Received Prepare
Registering precompiled user dll's ...
Registered in 0.000584 seconds.
Begin MonoManager ReloadAssembly
Native extension for WindowsStandalone target not found
Refreshing native plugins compatible for Editor in 0.28 ms, found 0 plugins.
Preloading 0 native plugins for Editor in 0.00 ms.
Invoked RoslynAnalysisRunner static constructor.
RoslynAnalysisRunner will not be running.
RoslynAnalysisRunner has terminated.
Mono: successfully reloaded assembly
- Completed reload, in  0.621 seconds
Platform modules already initialized, skipping
Refreshing native plugins compatible for Editor in 0.29 ms, found 0 plugins.
Preloading 0 native plugins for Editor in 0.00 ms.
Unloading 1671 Unused Serialized files (Serialized files now loaded: 0)
System memory in use before: 91.6 MB.
System memory in use after: 91.7 MB.

Unloading 7 unused Assets to reduce memory usage. Loaded Objects now: 2169.
Total: 1.670900 ms (FindLiveObjects: 0.138100 ms CreateObjectMapping: 0.046400 ms MarkObjects: 1.422600 ms  DeleteObjects: 0.063100 ms)

========================================================================
Received Import Request.
  Time since last request: 642.216137 seconds.
  path: Assets/Scripts/ThirdPersonmovement.cs
  artifactKey: Guid(9ee6835a96859f9479425a3dc8c8f5cf) Importer(815301076,1909f56bfc062723c751e8b465ee728b)
Start importing Assets/Scripts/ThirdPersonmovement.cs using Guid(9ee6835a96859f9479425a3dc8c8f5cf) Importer(815301076,1909f56bfc062723c751e8b465ee728b)  -> (artifact id: '06b370586344c237941102aa58d3f198') in 0.003011 seconds
  Import took 0.005077 seconds .

========================================================================
Received Import Request.
  Time since last request: 6.137110 seconds.
  path: Assets/Audio/wolf-grunt-1.mp3
  artifactKey: Guid(3daef2ff415f5e14f9c3677a58709010) Importer(815301076,1909f56bfc062723c751e8b465ee728b)
Start importing Assets/Audio/wolf-grunt-1.mp3 using Guid(3daef2ff415f5e14f9c3677a58709010) Importer(815301076,1909f56bfc062723c751e8b465ee728b)  -> (artifact id: 'a53a3620c23c85cf905b595676724d8c') in 0.104892 seconds
  Import took 0.116081 seconds .

========================================================================
Received Prepare
Registering precompiled user dll's ...
Registered in 0.000642 seconds.
Begin MonoManager ReloadAssembly
Native extension for WindowsStandalone target not found
Refreshing native plugins compatible for Editor in 0.28 ms, found 0 plugins.
Preloading 0 native plugins for Editor in 0.00 ms.
Invoked RoslynAnalysisRunner static constructor.
RoslynAnalysisRunner will not be running.
RoslynAnalysisRunner has terminated.
Mono: successfully reloaded assembly
- Completed reload, in  0.611 seconds
Platform modules already initialized, skipping
Refreshing native plugins compatible for Editor in 0.30 ms, found 0 plugins.
Preloading 0 native plugins for Editor in 0.00 ms.
Unloading 1671 Unused Serialized files (Serialized files now loaded: 0)
System memory in use before: 94.9 MB.
System memory in use after: 95.0 MB.

Unloading 7 unused Assets to reduce memory usage. Loaded Objects now: 2180.
Total: 2.110500 ms (FindLiveObjects: 0.279500 ms CreateObjectMapping: 0.098800 ms MarkObjects: 1.668700 ms  DeleteObjects: 0.062200 ms)

========================================================================
Received Prepare
Registering precompiled user dll's ...
Registered in 0.000553 seconds.
Begin MonoManager ReloadAssembly
Native extension for WindowsStandalone target not found
Refreshing native plugins compatible for Editor in 0.27 ms, found 0 plugins.
Preloading 0 native plugins for Editor in 0.00 ms.
Invoked RoslynAnalysisRunner static constructor.
RoslynAnalysisRunner will not be running.
RoslynAnalysisRunner has terminated.
Mono: successfully reloaded assembly
- Completed reload, in  0.624 seconds
Platform modules already initialized, skipping
Refreshing native plugins compatible for Editor in 0.35 ms, found 0 plugins.
Preloading 0 native plugins for Editor in 0.00 ms.
Unloading 1671 Unused Serialized files (Serialized files now loaded: 0)
System memory in use before: 94.9 MB.
System memory in use after: 95.0 MB.

Unloading 7 unused Assets to reduce memory usage. Loaded Objects now: 2182.
Total: 1.869900 ms (FindLiveObjects: 0.221200 ms CreateObjectMapping: 0.060000 ms MarkObjects: 1.524400 ms  DeleteObjects: 0.063600 ms)

========================================================================
Received Prepare
Registering precompiled user dll's ...
Registered in 0.000562 seconds.
Begin MonoManager ReloadAssembly
Native extension for WindowsStandalone target not found
Refreshing native plugins compatible for Editor in 0.27 ms, found 0 plugins.
Preloading 0 native plugins for Editor in 0.00 ms.
Invoked RoslynAnalysisRunner static constructor.
RoslynAnalysisRunner will not be running.
RoslynAnalysisRunner has terminated.
Mono: successfully reloaded assembly
- Completed reload, in  0.607 seconds
Platform modules already initialized, skipping
Refreshing native plugins compatible for Editor in 0.31 ms, found 0 plugins.
Preloading 0 native plugins for Editor in 0.00 ms.
Unloading 1671 Unused Serialized files (Serialized files now loaded: 0)
System memory in use before: 94.5 MB.
System memory in use after: 94.6 MB.

Unloading 7 unused Assets to reduce memory usage. Loaded Objects now: 2184.
Total: 1.651600 ms (FindLiveObjects: 0.170500 ms CreateObjectMapping: 0.046200 ms MarkObjects: 1.371800 ms  DeleteObjects: 0.062200 ms)

========================================================================
Received Prepare
Registering precompiled user dll's ...
Registered in 0.000599 seconds.
Begin MonoManager ReloadAssembly
Native extension for WindowsStandalone target not found
Refreshing native plugins compatible for Editor in 0.33 ms, found 0 plugins.
Preloading 0 native plugins for Editor in 0.00 ms.
Invoked RoslynAnalysisRunner static constructor.
RoslynAnalysisRunner will not be running.
RoslynAnalysisRunner has terminated.
Mono: successfully reloaded assembly
- Completed reload, in  0.623 seconds
Platform modules already initialized, skipping
Refreshing native plugins compatible for Editor in 0.28 ms, found 0 plugins.
Preloading 0 native plugins for Editor in 0.00 ms.
Unloading 1671 Unused Serialized files (Serialized files now loaded: 0)
System memory in use before: 94.9 MB.
System memory in use after: 95.0 MB.

Unloading 7 unused Assets to reduce memory usage. Loaded Objects now: 2186.
Total: 1.454100 ms (FindLiveObjects: 0.137800 ms CreateObjectMapping: 0.043300 ms MarkObjects: 1.210400 ms  DeleteObjects: 0.061800 ms)

========================================================================
Received Prepare
Registering precompiled user dll's ...
Registered in 0.000562 seconds.
Begin MonoManager ReloadAssembly
Native extension for WindowsStandalone target not found
Refreshing native plugins compatible for Editor in 0.28 ms, found 0 plugins.
Preloading 0 native plugins for Editor in 0.00 ms.
Invoked RoslynAnalysisRunner static constructor.
RoslynAnalysisRunner will not be running.
RoslynAnalysisRunner has terminated.
Mono: successfully reloaded assembly
- Completed reload, in  0.624 seconds
Platform modules already initialized, skipping
Refreshing native plugins compatible for Editor in 0.28 ms, found 0 plugins.
Preloading 0 native plugins for Editor in 0.00 ms.
Unloading 1671 Unused Serialized files (Serialized files now loaded: 0)
System memory in use before: 94.6 MB.
System memory in use after: 94.7 MB.

Unloading 7 unused Assets to reduce memory usage. Loaded Objects now: 2188.
Total: 1.727600 ms (FindLiveObjects: 0.164400 ms CreateObjectMapping: 0.051100 ms MarkObjects: 1.441800 ms  DeleteObjects: 0.069500 ms)

========================================================================
Received Prepare
Registering precompiled user dll's ...
Registered in 0.000621 seconds.
Begin MonoManager ReloadAssembly
Native extension for WindowsStandalone target not found
Refreshing native plugins compatible for Editor in 0.27 ms, found 0 plugins.
Preloading 0 native plugins for Editor in 0.00 ms.
Invoked RoslynAnalysisRunner static constructor.
RoslynAnalysisRunner will not be running.
RoslynAnalysisRunner has terminated.
Mono: successfully reloaded assembly
- Completed reload, in  0.625 seconds
Platform modules already initialized, skipping
Refreshing native plugins compatible for Editor in 0.29 ms, found 0 plugins.
Preloading 0 native plugins for Editor in 0.00 ms.
Unloading 1671 Unused Serialized files (Serialized files now loaded: 0)
System memory in use before: 94.9 MB.
System memory in use after: 95.0 MB.

Unloading 7 unused Assets to reduce memory usage. Loaded Objects now: 2190.
Total: 1.561900 ms (FindLiveObjects: 0.146000 ms CreateObjectMapping: 0.046700 ms MarkObjects: 1.305400 ms  DeleteObjects: 0.063100 ms)

========================================================================
Received Prepare
Registering precompiled user dll's ...
Registered in 0.000660 seconds.
Begin MonoManager ReloadAssembly
Native extension for WindowsStandalone target not found
Refreshing native plugins compatible for Editor in 0.27 ms, found 0 plugins.
Preloading 0 native plugins for Editor in 0.00 ms.
Invoked RoslynAnalysisRunner static constructor.
RoslynAnalysisRunner will not be running.
RoslynAnalysisRunner has terminated.
Mono: successfully reloaded assembly
- Completed reload, in  0.588 seconds
Platform modules already initialized, skipping
Refreshing native plugins compatible for Editor in 0.30 ms, found 0 plugins.
Preloading 0 native plugins for Editor in 0.00 ms.
Unloading 1671 Unused Serialized files (Serialized files now loaded: 0)
System memory in use before: 94.7 MB.
System memory in use after: 94.8 MB.

Unloading 7 unused Assets to reduce memory usage. Loaded Objects now: 2192.
Total: 2.000400 ms (FindLiveObjects: 0.207200 ms CreateObjectMapping: 0.064500 ms MarkObjects: 1.647700 ms  DeleteObjects: 0.080200 ms)

========================================================================
Received Import Request.
  Time since last request: 1003.431811 seconds.
  path: Assets/Scripts/keybindings.asset
  artifactKey: Guid(c251ecba59f33714ab88d2dc6366b4a4) Importer(815301076,1909f56bfc062723c751e8b465ee728b)
Start importing Assets/Scripts/keybindings.asset using Guid(c251ecba59f33714ab88d2dc6366b4a4) Importer(815301076,1909f56bfc062723c751e8b465ee728b)  -> (artifact id: 'dada20323a7440aa578a5cf2fae1d9bc') in 0.013994 seconds
  Import took 0.039063 seconds .

========================================================================
Received Prepare
Registering precompiled user dll's ...
Registered in 0.000693 seconds.
Begin MonoManager ReloadAssembly
Native extension for WindowsStandalone target not found
Refreshing native plugins compatible for Editor in 0.27 ms, found 0 plugins.
Preloading 0 native plugins for Editor in 0.00 ms.
Invoked RoslynAnalysisRunner static constructor.
RoslynAnalysisRunner will not be running.
RoslynAnalysisRunner has terminated.
Mono: successfully reloaded assembly
- Completed reload, in  0.590 seconds
Platform modules already initialized, skipping
Refreshing native plugins compatible for Editor in 0.28 ms, found 0 plugins.
Preloading 0 native plugins for Editor in 0.00 ms.
Unloading 1671 Unused Serialized files (Serialized files now loaded: 0)
System memory in use before: 95.0 MB.
System memory in use after: 95.0 MB.

Unloading 7 unused Assets to reduce memory usage. Loaded Objects now: 2194.
Total: 1.607200 ms (FindLiveObjects: 0.254600 ms CreateObjectMapping: 0.048400 ms MarkObjects: 1.240300 ms  DeleteObjects: 0.062800 ms)

AssetImportWorkerClient::OnTransportError - code=2 error=End of file
